This is pdfTeX, Version 3.14159265-2.6-1.40.16 (MiKTeX 2.9 64-bit) (preloaded format=pdflatex 2016.2.1)  4 MAY 2017 02:08
entering extended mode
**"./Topology final project.tex"
("Topology final project.tex"
LaTeX2e <2015/10/01> patch level 2
Babel <3.9m> and hyphenation patterns for 69 languages loaded.
("C:\Users\Nikita\AppData\Local\Programs\MiKTeX 2.9\tex\latex\base\article.cls"
Document Class: article 2014/09/29 v1.4h Standard LaTeX document class
("C:\Users\Nikita\AppData\Local\Programs\MiKTeX 2.9\tex\latex\base\size10.clo"
File: size10.clo 2014/09/29 v1.4h Standard LaTeX file (size option)
)
\c@part=\count79
\c@section=\count80
\c@subsection=\count81
\c@subsubsection=\count82
\c@paragraph=\count83
\c@subparagraph=\count84
\c@figure=\count85
\c@table=\count86
\abovecaptionskip=\skip41
\belowcaptionskip=\skip42
\bibindent=\dimen102
)
("C:\Users\Nikita\AppData\Local\Programs\MiKTeX 2.9\tex\latex\graphics\graphicx
.sty"
Package: graphicx 2014/10/28 v1.0g Enhanced LaTeX Graphics (DPC,SPQR)

("C:\Users\Nikita\AppData\Local\Programs\MiKTeX 2.9\tex\latex\graphics\keyval.s
ty"
Package: keyval 2014/10/28 v1.15 key=value parser (DPC)
\KV@toks@=\toks14
)
("C:\Users\Nikita\AppData\Local\Programs\MiKTeX 2.9\tex\latex\graphics\graphics
.sty"
Package: graphics 2014/10/28 v1.0p Standard LaTeX Graphics (DPC,SPQR)

("C:\Users\Nikita\AppData\Local\Programs\MiKTeX 2.9\tex\latex\graphics\trig.sty
"
Package: trig 1999/03/16 v1.09 sin cos tan (DPC)
)
("C:\Users\Nikita\AppData\Local\Programs\MiKTeX 2.9\tex\latex\00miktex\graphics
.cfg"
File: graphics.cfg 2007/01/18 v1.5 graphics configuration of teTeX/TeXLive
)
Package graphics Info: Driver file: pdftex.def on input line 94.

("C:\Users\Nikita\AppData\Local\Programs\MiKTeX 2.9\tex\latex\pdftex-def\pdftex
.def"
File: pdftex.def 2011/05/27 v0.06d Graphics/color for pdfTeX

("C:\Users\Nikita\AppData\Local\Programs\MiKTeX 2.9\tex\generic\oberdiek\infwar
err.sty"
Package: infwarerr 2010/04/08 v1.3 Providing info/warning/error messages (HO)
)
("C:\Users\Nikita\AppData\Local\Programs\MiKTeX 2.9\tex\generic\oberdiek\ltxcmd
s.sty"
Package: ltxcmds 2011/11/09 v1.22 LaTeX kernel commands for general use (HO)
)
\Gread@gobject=\count87
))
\Gin@req@height=\dimen103
\Gin@req@width=\dimen104
) ("Topology final project.aux")
\openout1 = `"Topology final project.aux"'.

LaTeX Font Info:    Checking defaults for OML/cmm/m/it on input line 6.
LaTeX Font Info:    ... okay on input line 6.
LaTeX Font Info:    Checking defaults for T1/cmr/m/n on input line 6.
LaTeX Font Info:    ... okay on input line 6.
LaTeX Font Info:    Checking defaults for OT1/cmr/m/n on input line 6.
LaTeX Font Info:    ... okay on input line 6.
LaTeX Font Info:    Checking defaults for OMS/cmsy/m/n on input line 6.
LaTeX Font Info:    ... okay on input line 6.
LaTeX Font Info:    Checking defaults for OMX/cmex/m/n on input line 6.
LaTeX Font Info:    ... okay on input line 6.
LaTeX Font Info:    Checking defaults for U/cmr/m/n on input line 6.
LaTeX Font Info:    ... okay on input line 6.

("C:\Users\Nikita\AppData\Local\Programs\MiKTeX 2.9\tex\context\base\supp-pdf.m
kii"
[Loading MPS to PDF converter (version 2006.09.02).]
\scratchcounter=\count88
\scratchdimen=\dimen105
\scratchbox=\box26
\nofMPsegments=\count89
\nofMParguments=\count90
\everyMPshowfont=\toks15
\MPscratchCnt=\count91
\MPscratchDim=\dimen106
\MPnumerator=\count92
\makeMPintoPDFobject=\count93
\everyMPtoPDFconversion=\toks16
)
LaTeX Font Info:    External font `cmex10' loaded for size
(Font)              <12> on input line 7.
LaTeX Font Info:    External font `cmex10' loaded for size
(Font)              <8> on input line 7.
LaTeX Font Info:    External font `cmex10' loaded for size
(Font)              <6> on input line 7.
 [1

{C:/Users/Nikita/AppData/Local/MiKTeX/2.9/pdftex/config/pdftex.map}]
[2]
Underfull \hbox (badness 10000) in paragraph at lines 20--21

 []

[3]
LaTeX Font Info:    External font `cmex10' loaded for size
(Font)              <7> on input line 28.
LaTeX Font Info:    External font `cmex10' loaded for size
(Font)              <5> on input line 28.


LaTeX Warning: No positions in optional float specifier.
               Default added (so using `tbp') on input line 39.


Overfull \hbox (65.00092pt too wide) in paragraph at lines 43--50
 [][] 
 []

<bartlett_transects_0d_persistence.png, id=15, 361.35pt x 217.5628pt>
File: bartlett_transects_0d_persistence.png Graphic file (type png)

<use bartlett_transects_0d_persistence.png>
Package pdftex.def Info: bartlett_transects_0d_persistence.png used on input li
ne 53.
(pdftex.def)             Requested size: 18.06856pt x 10.87877pt.

<harvard_transects_0d_persistence.png, id=17, 362.10281pt x 217.5628pt>
File: harvard_transects_0d_persistence.png Graphic file (type png)

<use harvard_transects_0d_persistence.png>
Package pdftex.def Info: harvard_transects_0d_persistence.png used on input lin
e 54.
(pdftex.def)             Requested size: 18.10619pt x 10.87877pt.

<grsm_transects_0d_persistence.png, id=18, 362.10281pt x 217.5628pt>
File: grsm_transects_0d_persistence.png Graphic file (type png)

<use grsm_transects_0d_persistence.png>
Package pdftex.def Info: grsm_transects_0d_persistence.png used on input line 5
5.
(pdftex.def)             Requested size: 18.10619pt x 10.87877pt.

<mlbs_transects_0d_persistence.png, id=19, 361.35pt x 217.5628pt>
File: mlbs_transects_0d_persistence.png Graphic file (type png)

<use mlbs_transects_0d_persistence.png>
Package pdftex.def Info: mlbs_transects_0d_persistence.png used on input line 5
6.
(pdftex.def)             Requested size: 18.06856pt x 10.87877pt.

<transect_roc.png, id=20, 486.31688pt x 376.40625pt>
File: transect_roc.png Graphic file (type png)
 <use transect_roc.png>
Package pdftex.def Info: transect_roc.png used on input line 57.
(pdftex.def)             Requested size: 24.31726pt x 18.82141pt.

Underfull \hbox (badness 10000) in paragraph at lines 53--58

 []

[4 <./bartlett_transects_0d_persistence.png> <./harvard_transects_0d_persistenc
e.png>] [5 <./grsm_transects_0d_persistence.png> <./mlbs_transects_0d_persisten
ce.png> <./transect_roc.png>]
Overfull \hbox (172.30693pt too wide) in paragraph at lines 117--119
\OT1/cmr/m/n/10 https://d1b10bmlvqabco.cloudfront.net/attach/j1m8suensxh6ez/ho3
2xurye2y7nv/j1o35t5rkuhu/morseFiltration2D.m. 
 []

[6] ("Topology final project.aux")

LaTeX Warning: Label(s) may have changed. Rerun to get cross-references right.

 ) 
Here is how much of TeX's memory you used:
 1151 strings out of 493634
 16217 string characters out of 3134832
 73432 words of memory out of 3000000
 4574 multiletter control sequences out of 15000+200000
 7280 words of font info for 26 fonts, out of 3000000 for 9000
 1025 hyphenation exceptions out of 8191
 27i,7n,19p,1893b,198s stack positions out of 5000i,500n,10000p,200000b,50000s
<C:/Users/Nikita/AppData/Local/Programs/MiKTeX 2.9/fonts/type1/public/amsfont
s/cm/cmbx12.pfb><C:/Users/Nikita/AppData/Local/Programs/MiKTeX 2.9/fonts/type1/
public/amsfonts/cm/cmr10.pfb><C:/Users/Nikita/AppData/Local/Programs/MiKTeX 2.9
/fonts/type1/public/amsfonts/cm/cmr12.pfb><C:/Users/Nikita/AppData/Local/Progra
ms/MiKTeX 2.9/fonts/type1/public/amsfonts/cm/cmr17.pfb>
Output written on "Topology final project.pdf" (6 pages, 117504 bytes).
PDF statistics:
 48 PDF objects out of 1000 (max. 8388607)
 0 named destinations out of 1000 (max. 500000)
 26 words of extra memory for PDF output out of 10000 (max. 10000000)

